<?xml version="1.0" encoding="UTF-8"?>
<testsuite name="testcodelecture.ConditionTestCase" tests="2" skipped="0" failures="0" errors="0" timestamp="2021-07-19T14:19:41" hostname="DESKTOP-OQMC367" time="0.034">
  <properties/>
  <testcase name="start_1()" classname="testcodelecture.ConditionTestCase" time="0.029"/>
  <testcase name="start_2()" classname="testcodelecture.ConditionTestCase" time="0.002"/>
  <system-out><![CDATA[test_env = null
Hello
Hello Windows
]]></system-out>
  <system-err><![CDATA[]]></system-err>
</testsuite>
